Determining if the pthread_create exist failed with the following output:
Change Dir: /home/christian/DARTFSD/catkin_ws/build/piksi_multi/CMakeFiles/CMakeTmp

Run Build Command:"/usr/bin/make" "cmTC_eae96/fast"
/usr/bin/make -f CMakeFiles/cmTC_eae96.dir/build.make CMakeFiles/cmTC_eae96.dir/build
make[1]: Entering directory '/home/christian/DARTFSD/catkin_ws/build/piksi_multi/CMakeFiles/CMakeTmp'
Building C object CMakeFiles/cmTC_eae96.dir/CheckSymbolExists.c.o
/usr/bin/cc     -o CMakeFiles/cmTC_eae96.dir/CheckSymbolExists.c.o   -c /home/christian/DARTFSD/catkin_ws/build/piksi_multi/CMakeFiles/CMakeTmp/CheckSymbolExists.c
Linking C executable cmTC_eae96
/usr/bin/cmake -E cmake_link_script CMakeFiles/cmTC_eae96.dir/link.txt --verbose=1
/usr/bin/cc       CMakeFiles/cmTC_eae96.dir/CheckSymbolExists.c.o  -o cmTC_eae96 -rdynamic 
CMakeFiles/cmTC_eae96.dir/CheckSymbolExists.c.o: In function `main':
CheckSymbolExists.c:(.text+0x16): undefined reference to `pthread_create'
collect2: error: ld returned 1 exit status
CMakeFiles/cmTC_eae96.dir/build.make:97: recipe for target 'cmTC_eae96' failed
make[1]: *** [cmTC_eae96] Error 1
make[1]: Leaving directory '/home/christian/DARTFSD/catkin_ws/build/piksi_multi/CMakeFiles/CMakeTmp'
Makefile:126: recipe for target 'cmTC_eae96/fast' failed
make: *** [cmTC_eae96/fast] Error 2

File /home/christian/DARTFSD/catkin_ws/build/piksi_multi/CMakeFiles/CMakeTmp/CheckSymbolExists.c:
/* */
#include <pthread.h>

int main(int argc, char** argv)
{
  (void)argv;
#ifndef pthread_create
  return ((int*)(&pthread_create))[argc];
#else
  (void)argc;
  return 0;
#endif
}

Determining if the function pthread_create exists in the pthreads failed with the following output:
Change Dir: /home/christian/DARTFSD/catkin_ws/build/piksi_multi/CMakeFiles/CMakeTmp

Run Build Command:"/usr/bin/make" "cmTC_b592a/fast"
/usr/bin/make -f CMakeFiles/cmTC_b592a.dir/build.make CMakeFiles/cmTC_b592a.dir/build
make[1]: Entering directory '/home/christian/DARTFSD/catkin_ws/build/piksi_multi/CMakeFiles/CMakeTmp'
Building C object CMakeFiles/cmTC_b592a.dir/CheckFunctionExists.c.o
/usr/bin/cc    -DCHECK_FUNCTION_EXISTS=pthread_create   -o CMakeFiles/cmTC_b592a.dir/CheckFunctionExists.c.o   -c /usr/share/cmake-3.5/Modules/CheckFunctionExists.c
Linking C executable cmTC_b592a
/usr/bin/cmake -E cmake_link_script CMakeFiles/cmTC_b592a.dir/link.txt --verbose=1
/usr/bin/cc   -DCHECK_FUNCTION_EXISTS=pthread_create    CMakeFiles/cmTC_b592a.dir/CheckFunctionExists.c.o  -o cmTC_b592a -rdynamic -lpthreads 
/usr/bin/ld: cannot find -lpthreads
collect2: error: ld returned 1 exit status
CMakeFiles/cmTC_b592a.dir/build.make:97: recipe for target 'cmTC_b592a' failed
make[1]: *** [cmTC_b592a] Error 1
make[1]: Leaving directory '/home/christian/DARTFSD/catkin_ws/build/piksi_multi/CMakeFiles/CMakeTmp'
Makefile:126: recipe for target 'cmTC_b592a/fast' failed
make: *** [cmTC_b592a/fast] Error 2


