[35m[1mScanning dependencies of target _piksi_ros_generate_messages_check_deps_Obs[0m
[35m[1mScanning dependencies of target std_msgs_generate_messages_nodejs[0m
[35m[1mScanning dependencies of target _piksi_ros_generate_messages_check_deps_Ephemeris[0m
[35m[1mScanning dependencies of target _piksi_ros_generate_messages_check_deps_SignalStatus[0m
[  0%] Built target std_msgs_generate_messages_nodejs
[35m[1mScanning dependencies of target _piksi_ros_generate_messages_check_deps_CarrierPhase[0m
[  0%] Built target _piksi_ros_generate_messages_check_deps_SignalStatus
[  0%] Built target _piksi_ros_generate_messages_check_deps_Ephemeris
[  0%] Built target _piksi_ros_generate_messages_check_deps_Obs
[35m[1mScanning dependencies of target _piksi_ros_generate_messages_check_deps_Sid[0m
[35m[1mScanning dependencies of target std_msgs_generate_messages_lisp[0m
[35m[1mScanning dependencies of target _piksi_ros_generate_messages_check_deps_Observations[0m
[  0%] Built target _piksi_ros_generate_messages_check_deps_CarrierPhase
[  0%] Built target std_msgs_generate_messages_lisp
[35m[1mScanning dependencies of target std_msgs_generate_messages_cpp[0m
[35m[1mScanning dependencies of target std_msgs_generate_messages_eus[0m
[  0%] Built target std_msgs_generate_messages_cpp
[  0%] Built target std_msgs_generate_messages_eus
[35m[1mScanning dependencies of target std_msgs_generate_messages_py[0m
[35m[1mScanning dependencies of target piksi_ros_gencfg[0m
[  0%] Built target _piksi_ros_generate_messages_check_deps_Sid
[  0%] Built target _piksi_ros_generate_messages_check_deps_Observations
[  0%] Built target std_msgs_generate_messages_py
[  3%] [34m[1mGenerating dynamic reconfigure files from cfg/PiksiDriverConfig.cfg: /home/christian/DARTFSD/catkin_ws/devel/.private/piksi_ros/include/piksi_ros/PiksiDriverConfigConfig.h /home/christian/DARTFSD/catkin_ws/devel/.private/piksi_ros/lib/python2.7/dist-packages/piksi_ros/cfg/PiksiDriverConfigConfig.py[0m
[35m[1mScanning dependencies of target piksi_ros_generate_messages_nodejs[0m
[35m[1mScanning dependencies of target piksi_ros_generate_messages_lisp[0m
[35m[1mScanning dependencies of target piksi_ros_generate_messages_cpp[0m
[  9%] [34m[1mGenerating Lisp code from piksi_ros/Observations.msg[0m
[  9%] [34m[1mGenerating Javascript code from piksi_ros/Observations.msg[0m
[ 12%] [34m[1mGenerating C++ code from piksi_ros/Observations.msg[0m
[ 15%] [34m[1mGenerating Javascript code from piksi_ros/Sid.msg[0m
[ 18%] [34m[1mGenerating Lisp code from piksi_ros/Sid.msg[0m
[ 21%] [34m[1mGenerating Javascript code from piksi_ros/Obs.msg[0m
[ 24%] [34m[1mGenerating Lisp code from piksi_ros/Obs.msg[0m
[ 27%] [34m[1mGenerating Javascript code from piksi_ros/CarrierPhase.msg[0m
[ 30%] [34m[1mGenerating Lisp code from piksi_ros/CarrierPhase.msg[0m
[ 33%] [34m[1mGenerating C++ code from piksi_ros/Sid.msg[0m
[ 36%] [34m[1mGenerating Javascript code from piksi_ros/SignalStatus.msg[0m
[ 39%] [34m[1mGenerating Lisp code from piksi_ros/SignalStatus.msg[0m
[ 42%] [34m[1mGenerating Javascript code from piksi_ros/Ephemeris.msg[0m
[ 45%] [34m[1mGenerating Lisp code from piksi_ros/Ephemeris.msg[0m
[ 45%] Built target piksi_ros_generate_messages_nodejs
[35m[1mScanning dependencies of target piksi_ros_generate_messages_eus[0m
[ 45%] Built target piksi_ros_generate_messages_lisp
[ 48%] [34m[1mGenerating EusLisp code from piksi_ros/Observations.msg[0m
[35m[1mScanning dependencies of target piksi_ros_generate_messages_py[0m
[ 51%] [34m[1mGenerating C++ code from piksi_ros/Obs.msg[0m
[ 54%] [34m[1mGenerating Python from MSG piksi_ros/Observations[0m
[ 57%] [34m[1mGenerating EusLisp code from piksi_ros/Sid.msg[0m
[ 60%] [34m[1mGenerating Python from MSG piksi_ros/Sid[0m
[ 63%] [34m[1mGenerating EusLisp code from piksi_ros/Obs.msg[0m
[ 66%] [34m[1mGenerating Python from MSG piksi_ros/Obs[0m
[ 69%] [34m[1mGenerating C++ code from piksi_ros/CarrierPhase.msg[0m
[ 72%] [34m[1mGenerating EusLisp code from piksi_ros/CarrierPhase.msg[0m
[ 75%] [34m[1mGenerating Python from MSG piksi_ros/CarrierPhase[0m
[ 78%] [34m[1mGenerating Python from MSG piksi_ros/SignalStatus[0m
[ 81%] [34m[1mGenerating EusLisp code from piksi_ros/SignalStatus.msg[0m
Generating reconfiguration files for PiksiDriver in piksi_ros
[ 84%] [34m[1mGenerating Python from MSG piksi_ros/Ephemeris[0m
Wrote header file in /home/christian/DARTFSD/catkin_ws/devel/.private/piksi_ros/include/piksi_ros/PiksiDriverConfig.h
[ 87%] [34m[1mGenerating EusLisp code from piksi_ros/Ephemeris.msg[0m
[ 90%] [34m[1mGenerating C++ code from piksi_ros/SignalStatus.msg[0m
[ 93%] [34m[1mGenerating Python msg __init__.py for piksi_ros[0m
[ 96%] [34m[1mGenerating EusLisp manifest code for piksi_ros[0m
[ 96%] Built target piksi_ros_gencfg
[100%] [34m[1mGenerating C++ code from piksi_ros/Ephemeris.msg[0m
[100%] Built target piksi_ros_generate_messages_py
[100%] Built target piksi_ros_generate_messages_cpp
[100%] Built target piksi_ros_generate_messages_eus
[35m[1mScanning dependencies of target piksi_ros_generate_messages[0m
[100%] Built target piksi_ros_generate_messages
