Symlinking /home/christian/DARTFSD/catkin_ws/devel/include/piksi_ros/Observations.h
Symlinking /home/christian/DARTFSD/catkin_ws/devel/include/piksi_ros/SignalStatus.h
Symlinking /home/christian/DARTFSD/catkin_ws/devel/include/piksi_ros/CarrierPhase.h
Symlinking /home/christian/DARTFSD/catkin_ws/devel/include/piksi_ros/PiksiDriverConfig.h
Symlinking /home/christian/DARTFSD/catkin_ws/devel/include/piksi_ros/Sid.h
Symlinking /home/christian/DARTFSD/catkin_ws/devel/include/piksi_ros/Ephemeris.h
Symlinking /home/christian/DARTFSD/catkin_ws/devel/include/piksi_ros/Obs.h
Symlinking /home/christian/DARTFSD/catkin_ws/devel/lib/pkgconfig/piksi_ros.pc
Symlinking /home/christian/DARTFSD/catkin_ws/devel/lib/python2.7/dist-packages/piksi_ros/__init__.py
Symlinking /home/christian/DARTFSD/catkin_ws/devel/lib/python2.7/dist-packages/piksi_ros/cfg/__init__.py
Symlinking /home/christian/DARTFSD/catkin_ws/devel/lib/python2.7/dist-packages/piksi_ros/cfg/PiksiDriverConfig.py
Symlinking /home/christian/DARTFSD/catkin_ws/devel/lib/python2.7/dist-packages/piksi_ros/msg/_Ephemeris.py
Symlinking /home/christian/DARTFSD/catkin_ws/devel/lib/python2.7/dist-packages/piksi_ros/msg/_CarrierPhase.py
Symlinking /home/christian/DARTFSD/catkin_ws/devel/lib/python2.7/dist-packages/piksi_ros/msg/_Sid.py
Symlinking /home/christian/DARTFSD/catkin_ws/devel/lib/python2.7/dist-packages/piksi_ros/msg/_SignalStatus.py
Symlinking /home/christian/DARTFSD/catkin_ws/devel/lib/python2.7/dist-packages/piksi_ros/msg/_Obs.py
Symlinking /home/christian/DARTFSD/catkin_ws/devel/lib/python2.7/dist-packages/piksi_ros/msg/_Observations.py
Symlinking /home/christian/DARTFSD/catkin_ws/devel/lib/python2.7/dist-packages/piksi_ros/msg/__init__.py
Symlinking /home/christian/DARTFSD/catkin_ws/devel/share/gennodejs/ros/piksi_ros/_index.js
Symlinking /home/christian/DARTFSD/catkin_ws/devel/share/gennodejs/ros/piksi_ros/msg/Ephemeris.js
Symlinking /home/christian/DARTFSD/catkin_ws/devel/share/gennodejs/ros/piksi_ros/msg/Sid.js
Symlinking /home/christian/DARTFSD/catkin_ws/devel/share/gennodejs/ros/piksi_ros/msg/Obs.js
Symlinking /home/christian/DARTFSD/catkin_ws/devel/share/gennodejs/ros/piksi_ros/msg/CarrierPhase.js
Symlinking /home/christian/DARTFSD/catkin_ws/devel/share/gennodejs/ros/piksi_ros/msg/Observations.js
Symlinking /home/christian/DARTFSD/catkin_ws/devel/share/gennodejs/ros/piksi_ros/msg/_index.js
Symlinking /home/christian/DARTFSD/catkin_ws/devel/share/gennodejs/ros/piksi_ros/msg/SignalStatus.js
Symlinking /home/christian/DARTFSD/catkin_ws/devel/share/roseus/ros/piksi_ros/manifest.l
Symlinking /home/christian/DARTFSD/catkin_ws/devel/share/roseus/ros/piksi_ros/msg/CarrierPhase.l
Symlinking /home/christian/DARTFSD/catkin_ws/devel/share/roseus/ros/piksi_ros/msg/Ephemeris.l
Symlinking /home/christian/DARTFSD/catkin_ws/devel/share/roseus/ros/piksi_ros/msg/Sid.l
Symlinking /home/christian/DARTFSD/catkin_ws/devel/share/roseus/ros/piksi_ros/msg/SignalStatus.l
Symlinking /home/christian/DARTFSD/catkin_ws/devel/share/roseus/ros/piksi_ros/msg/Observations.l
Symlinking /home/christian/DARTFSD/catkin_ws/devel/share/roseus/ros/piksi_ros/msg/Obs.l
Symlinking /home/christian/DARTFSD/catkin_ws/devel/share/piksi_ros/docs/PiksiDriverConfig.wikidoc
Symlinking /home/christian/DARTFSD/catkin_ws/devel/share/piksi_ros/docs/PiksiDriverConfig.dox
Symlinking /home/christian/DARTFSD/catkin_ws/devel/share/piksi_ros/docs/PiksiDriverConfig-usage.dox
Symlinking /home/christian/DARTFSD/catkin_ws/devel/share/piksi_ros/cmake/piksi_rosConfig.cmake
Symlinking /home/christian/DARTFSD/catkin_ws/devel/share/piksi_ros/cmake/piksi_ros-msg-extras.cmake
Symlinking /home/christian/DARTFSD/catkin_ws/devel/share/piksi_ros/cmake/piksi_rosConfig-version.cmake
Symlinking /home/christian/DARTFSD/catkin_ws/devel/share/piksi_ros/cmake/piksi_ros-msg-paths.cmake
Symlinking /home/christian/DARTFSD/catkin_ws/devel/share/common-lisp/ros/piksi_ros/msg/piksi_ros-msg.asd
Symlinking /home/christian/DARTFSD/catkin_ws/devel/share/common-lisp/ros/piksi_ros/msg/Sid.lisp
Symlinking /home/christian/DARTFSD/catkin_ws/devel/share/common-lisp/ros/piksi_ros/msg/CarrierPhase.lisp
Symlinking /home/christian/DARTFSD/catkin_ws/devel/share/common-lisp/ros/piksi_ros/msg/SignalStatus.lisp
Symlinking /home/christian/DARTFSD/catkin_ws/devel/share/common-lisp/ros/piksi_ros/msg/Observations.lisp
Symlinking /home/christian/DARTFSD/catkin_ws/devel/share/common-lisp/ros/piksi_ros/msg/_package.lisp
Symlinking /home/christian/DARTFSD/catkin_ws/devel/share/common-lisp/ros/piksi_ros/msg/Ephemeris.lisp
Symlinking /home/christian/DARTFSD/catkin_ws/devel/share/common-lisp/ros/piksi_ros/msg/_package_Ephemeris.lisp
Symlinking /home/christian/DARTFSD/catkin_ws/devel/share/common-lisp/ros/piksi_ros/msg/_package_Observations.lisp
Symlinking /home/christian/DARTFSD/catkin_ws/devel/share/common-lisp/ros/piksi_ros/msg/_package_CarrierPhase.lisp
Symlinking /home/christian/DARTFSD/catkin_ws/devel/share/common-lisp/ros/piksi_ros/msg/Obs.lisp
Symlinking /home/christian/DARTFSD/catkin_ws/devel/share/common-lisp/ros/piksi_ros/msg/_package_Obs.lisp
Symlinking /home/christian/DARTFSD/catkin_ws/devel/share/common-lisp/ros/piksi_ros/msg/_package_Sid.lisp
Symlinking /home/christian/DARTFSD/catkin_ws/devel/share/common-lisp/ros/piksi_ros/msg/_package_SignalStatus.lisp
