Determining if the pthread_create exist failed with the following output:
Change Dir: /home/christian/DARTFSD/catkin_ws/build/catkin_tools_prebuild/CMakeFiles/CMakeTmp

Run Build Command:"/usr/bin/make" "cmTC_2e083/fast"
/usr/bin/make -f CMakeFiles/cmTC_2e083.dir/build.make CMakeFiles/cmTC_2e083.dir/build
make[1]: Entering directory '/home/christian/DARTFSD/catkin_ws/build/catkin_tools_prebuild/CMakeFiles/CMakeTmp'
Building C object CMakeFiles/cmTC_2e083.dir/CheckSymbolExists.c.o
/usr/bin/cc     -o CMakeFiles/cmTC_2e083.dir/CheckSymbolExists.c.o   -c /home/christian/DARTFSD/catkin_ws/build/catkin_tools_prebuild/CMakeFiles/CMakeTmp/CheckSymbolExists.c
Linking C executable cmTC_2e083
/usr/bin/cmake -E cmake_link_script CMakeFiles/cmTC_2e083.dir/link.txt --verbose=1
/usr/bin/cc       CMakeFiles/cmTC_2e083.dir/CheckSymbolExists.c.o  -o cmTC_2e083 -rdynamic 
CMakeFiles/cmTC_2e083.dir/CheckSymbolExists.c.o: In function `main':
CheckSymbolExists.c:(.text+0x16): undefined reference to `pthread_create'
collect2: error: ld returned 1 exit status
CMakeFiles/cmTC_2e083.dir/build.make:97: recipe for target 'cmTC_2e083' failed
make[1]: *** [cmTC_2e083] Error 1
make[1]: Leaving directory '/home/christian/DARTFSD/catkin_ws/build/catkin_tools_prebuild/CMakeFiles/CMakeTmp'
Makefile:126: recipe for target 'cmTC_2e083/fast' failed
make: *** [cmTC_2e083/fast] Error 2

File /home/christian/DARTFSD/catkin_ws/build/catkin_tools_prebuild/CMakeFiles/CMakeTmp/CheckSymbolExists.c:
/* */
#include <pthread.h>

int main(int argc, char** argv)
{
  (void)argv;
#ifndef pthread_create
  return ((int*)(&pthread_create))[argc];
#else
  (void)argc;
  return 0;
#endif
}

Determining if the function pthread_create exists in the pthreads failed with the following output:
Change Dir: /home/christian/DARTFSD/catkin_ws/build/catkin_tools_prebuild/CMakeFiles/CMakeTmp

Run Build Command:"/usr/bin/make" "cmTC_c5480/fast"
/usr/bin/make -f CMakeFiles/cmTC_c5480.dir/build.make CMakeFiles/cmTC_c5480.dir/build
make[1]: Entering directory '/home/christian/DARTFSD/catkin_ws/build/catkin_tools_prebuild/CMakeFiles/CMakeTmp'
Building C object CMakeFiles/cmTC_c5480.dir/CheckFunctionExists.c.o
/usr/bin/cc    -DCHECK_FUNCTION_EXISTS=pthread_create   -o CMakeFiles/cmTC_c5480.dir/CheckFunctionExists.c.o   -c /usr/share/cmake-3.5/Modules/CheckFunctionExists.c
Linking C executable cmTC_c5480
/usr/bin/cmake -E cmake_link_script CMakeFiles/cmTC_c5480.dir/link.txt --verbose=1
/usr/bin/cc   -DCHECK_FUNCTION_EXISTS=pthread_create    CMakeFiles/cmTC_c5480.dir/CheckFunctionExists.c.o  -o cmTC_c5480 -rdynamic -lpthreads 
/usr/bin/ld: cannot find -lpthreads
collect2: error: ld returned 1 exit status
CMakeFiles/cmTC_c5480.dir/build.make:97: recipe for target 'cmTC_c5480' failed
make[1]: *** [cmTC_c5480] Error 1
make[1]: Leaving directory '/home/christian/DARTFSD/catkin_ws/build/catkin_tools_prebuild/CMakeFiles/CMakeTmp'
Makefile:126: recipe for target 'cmTC_c5480/fast' failed
make: *** [cmTC_c5480/fast] Error 2


